<?xml version="1.0" encoding="UTF-8"?>
<coverage generated="1596429160429" clover="3.2.0">
  <project timestamp="1596429160429" name="All files">
    <metrics statements="34" coveredstatements="30" conditionals="8" coveredconditionals="6" methods="2" coveredmethods="2" elements="44" coveredelements="38" complexity="0" loc="34" ncloc="34" packages="2" files="2" classes="2"/>
    <package name="controller">
      <metrics statements="12" coveredstatements="9" conditionals="2" coveredconditionals="2" methods="1" coveredmethods="1"/>
      <file name="ProductController.js" path="C:\Users\Acer\Documents\Desarrollos\desafios\palindrome-bff\controller\ProductController.js">
        <metrics statements="12" coveredstatements="9" conditionals="2" coveredconditionals="2" methods="1" coveredmethods="1"/>
        <line num="1" count="1" type="stmt"/>
        <line num="3" count="1" type="stmt"/>
        <line num="4" count="3" type="stmt"/>
        <line num="9" count="3" type="stmt"/>
        <line num="10" count="3" type="stmt"/>
        <line num="11" count="3" type="cond" truecount="2" falsecount="0"/>
        <line num="12" count="3" type="stmt"/>
        <line num="13" count="3" type="stmt"/>
        <line num="15" count="0" type="stmt"/>
        <line num="16" count="0" type="stmt"/>
        <line num="17" count="0" type="stmt"/>
        <line num="19" count="3" type="stmt"/>
      </file>
    </package>
    <package name="controller.provider">
      <metrics statements="22" coveredstatements="21" conditionals="6" coveredconditionals="4" methods="1" coveredmethods="1"/>
      <file name="ProductService.js" path="C:\Users\Acer\Documents\Desarrollos\desafios\palindrome-bff\controller\provider\ProductService.js">
        <metrics statements="22" coveredstatements="21" conditionals="6" coveredconditionals="4" methods="1" coveredmethods="1"/>
        <line num="1" count="1" type="stmt"/>
        <line num="3" count="1" type="stmt"/>
        <line num="8" count="3" type="stmt"/>
        <line num="9" count="3" type="stmt"/>
        <line num="10" count="3" type="stmt"/>
        <line num="11" count="3" type="stmt"/>
        <line num="12" count="3" type="stmt"/>
        <line num="13" count="3" type="stmt"/>
        <line num="14" count="3" type="stmt"/>
        <line num="15" count="3" type="cond" truecount="1" falsecount="1"/>
        <line num="16" count="3" type="cond" truecount="2" falsecount="0"/>
        <line num="17" count="2" type="stmt"/>
        <line num="20" count="2" type="stmt"/>
        <line num="21" count="1" type="cond" truecount="1" falsecount="1"/>
        <line num="22" count="1" type="stmt"/>
        <line num="32" count="1" type="stmt"/>
        <line num="34" count="3" type="stmt"/>
        <line num="35" count="3" type="stmt"/>
        <line num="37" count="3" type="stmt"/>
        <line num="45" count="0" type="stmt"/>
        <line num="47" count="3" type="stmt"/>
        <line num="54" count="1" type="stmt"/>
      </file>
    </package>
  </project>
</coverage>
