{"C:\\Users\\Acer\\Documents\\Desarrollos\\desafios\\palindrome-bff\\controller\\ProductController.js": {"path":"C:\\Users\\Acer\\Documents\\Desarrollos\\desafios\\palindrome-bff\\controller\\ProductController.js","statementMap":{"0":{"start":{"line":1,"column":23},"end":{"line":1,"column":59}},"1":{"start":{"line":3,"column":0},"end":{"line":21,"column":2}},"2":{"start":{"line":4,"column":24},"end":{"line":8,"column":5}},"3":{"start":{"line":9,"column":4},"end":{"line":20,"column":5}},"4":{"start":{"line":10,"column":21},"end":{"line":10,"column":39}},"5":{"start":{"line":11,"column":21},"end":{"line":11,"column":44}},"6":{"start":{"line":12,"column":31},"end":{"line":12,"column":51}},"7":{"start":{"line":13,"column":8},"end":{"line":13,"column":72}},"8":{"start":{"line":15,"column":8},"end":{"line":15,"column":38}},"9":{"start":{"line":16,"column":8},"end":{"line":16,"column":36}},"10":{"start":{"line":17,"column":8},"end":{"line":17,"column":43}},"11":{"start":{"line":19,"column":8},"end":{"line":19,"column":35}}},"fnMap":{"0":{"name":"(anonymous_0)","decl":{"start":{"line":3,"column":14},"end":{"line":3,"column":15}},"loc":{"start":{"line":3,"column":43},"end":{"line":21,"column":1}},"line":3}},"branchMap":{"0":{"loc":{"start":{"line":11,"column":21},"end":{"line":11,"column":44}},"type":"binary-expr","locations":[{"start":{"line":11,"column":21},"end":{"line":11,"column":39}},{"start":{"line":11,"column":43},"end":{"line":11,"column":44}}],"line":11}},"s":{"0":1,"1":1,"2":3,"3":3,"4":3,"5":3,"6":3,"7":3,"8":0,"9":0,"10":0,"11":3},"f":{"0":3},"b":{"0":[3,3]},"_coverageSchema":"1a1c01bbd47fc00a2c39e90264f33305004495a9","hash":"27cd9e93f380682ef17c655591ab297e9cabb816"}
,"C:\\Users\\Acer\\Documents\\Desarrollos\\desafios\\palindrome-bff\\controller\\provider\\ProductService.js": {"path":"C:\\Users\\Acer\\Documents\\Desarrollos\\desafios\\palindrome-bff\\controller\\provider\\ProductService.js","statementMap":{"0":{"start":{"line":1,"column":22},"end":{"line":1,"column":58}},"1":{"start":{"line":3,"column":23},"end":{"line":3,"column":25}},"2":{"start":{"line":8,"column":28},"end":{"line":8,"column":47}},"3":{"start":{"line":9,"column":8},"end":{"line":48,"column":9}},"4":{"start":{"line":10,"column":27},"end":{"line":10,"column":29}},"5":{"start":{"line":11,"column":28},"end":{"line":11,"column":29}},"6":{"start":{"line":12,"column":30},"end":{"line":12,"column":34}},"7":{"start":{"line":13,"column":29},"end":{"line":13,"column":30}},"8":{"start":{"line":14,"column":12},"end":{"line":14,"column":40}},"9":{"start":{"line":15,"column":12},"end":{"line":36,"column":13}},"10":{"start":{"line":16,"column":16},"end":{"line":33,"column":17}},"11":{"start":{"line":17,"column":20},"end":{"line":19,"column":21}},"12":{"start":{"line":20,"column":20},"end":{"line":20,"column":70}},"13":{"start":{"line":21,"column":23},"end":{"line":33,"column":17}},"14":{"start":{"line":22,"column":20},"end":{"line":31,"column":21}},"15":{"start":{"line":32,"column":20},"end":{"line":32,"column":92}},"16":{"start":{"line":34,"column":16},"end":{"line":34,"column":65}},"17":{"start":{"line":35,"column":16},"end":{"line":35,"column":67}},"18":{"start":{"line":37,"column":12},"end":{"line":43,"column":14}},"19":{"start":{"line":45,"column":12},"end":{"line":45,"column":28}},"20":{"start":{"line":47,"column":12},"end":{"line":47,"column":48}},"21":{"start":{"line":54,"column":0},"end":{"line":54,"column":32}}},"fnMap":{"0":{"name":"(anonymous_0)","decl":{"start":{"line":7,"column":4},"end":{"line":7,"column":5}},"loc":{"start":{"line":7,"column":42},"end":{"line":49,"column":5}},"line":7}},"branchMap":{"0":{"loc":{"start":{"line":15,"column":12},"end":{"line":36,"column":13}},"type":"if","locations":[{"start":{"line":15,"column":12},"end":{"line":36,"column":13}},{"start":{"line":15,"column":12},"end":{"line":36,"column":13}}],"line":15},"1":{"loc":{"start":{"line":16,"column":16},"end":{"line":33,"column":17}},"type":"if","locations":[{"start":{"line":16,"column":16},"end":{"line":33,"column":17}},{"start":{"line":16,"column":16},"end":{"line":33,"column":17}}],"line":16},"2":{"loc":{"start":{"line":21,"column":23},"end":{"line":33,"column":17}},"type":"if","locations":[{"start":{"line":21,"column":23},"end":{"line":33,"column":17}},{"start":{"line":21,"column":23},"end":{"line":33,"column":17}}],"line":21}},"s":{"0":1,"1":1,"2":3,"3":3,"4":3,"5":3,"6":3,"7":3,"8":3,"9":3,"10":3,"11":2,"12":2,"13":1,"14":1,"15":1,"16":3,"17":3,"18":3,"19":0,"20":3,"21":1},"f":{"0":3},"b":{"0":[3,0],"1":[2,1],"2":[1,0]},"_coverageSchema":"1a1c01bbd47fc00a2c39e90264f33305004495a9","hash":"4853006dca574f91707a492769b389135685f6da"}
}
