TN:
SF:controller\ProductController.js
FN:3,(anonymous_0)
FNF:1
FNH:1
FNDA:3,(anonymous_0)
DA:1,1
DA:3,1
DA:4,3
DA:9,3
DA:10,3
DA:11,3
DA:12,3
DA:13,3
DA:15,0
DA:16,0
DA:17,0
DA:19,3
LF:12
LH:9
BRDA:11,0,0,3
BRDA:11,0,1,3
BRF:2
BRH:2
end_of_record
TN:
SF:controller\provider\ProductService.js
FN:7,(anonymous_0)
FNF:1
FNH:1
FNDA:3,(anonymous_0)
DA:1,1
DA:3,1
DA:8,3
DA:9,3
DA:10,3
DA:11,3
DA:12,3
DA:13,3
DA:14,3
DA:15,3
DA:16,3
DA:17,2
DA:20,2
DA:21,1
DA:22,1
DA:32,1
DA:34,3
DA:35,3
DA:37,3
DA:45,0
DA:47,3
DA:54,1
LF:22
LH:21
BRDA:15,0,0,3
BRDA:15,0,1,0
BRDA:16,1,0,2
BRDA:16,1,1,1
BRDA:21,2,0,1
BRDA:21,2,1,0
BRF:6
BRH:4
end_of_record
